<?xml version="1.0" encoding="UTF-8"?>
<!-- Generated by org.testng.reporters.JUnitReportReporter -->
<testsuite hostname="LVDXB108453" failures="0" tests="2" name="tests.Registration" time="32.910" errors="0" timestamp="2022-07-27T18:26:09 GST" skipped="0">
  <testcase classname="tests.Registration" name="registration" time="32.906"/>
  <system-out/>
  <testcase classname="tests.Registration" name="openGoChat" time="0.004"/>
  <system-out/>
</testsuite> <!-- tests.Registration -->
