<?xml version="1.0" encoding="UTF-8"?>
<!-- Generated by org.testng.reporters.JUnitReportReporter -->
<testsuite hostname="LVDXB108453" failures="0" tests="1" name="tests.BaseClass" time="0.005" errors="0" timestamp="2022-07-21T13:17:18 GST" skipped="0">
  <testcase classname="tests.BaseClass" name="openGoChat" time="0.005"/>
  <system-out/>
</testsuite> <!-- tests.BaseClass -->
